TN:
SF:server.js
FN:36,checkAuth
FN:41,isAdmin
FN:46,isManager
FN:53,(anonymous_3)
FN:77,(anonymous_4)
FN:109,(anonymous_5)
FN:115,(anonymous_6)
FN:171,(anonymous_7)
FN:200,(anonymous_8)
FN:236,(anonymous_9)
FN:242,(anonymous_10)
FN:246,(anonymous_11)
FN:253,(anonymous_12)
FN:260,(anonymous_13)
FN:271,(anonymous_14)
FN:299,(anonymous_15)
FN:302,(anonymous_16)
FN:350,(anonymous_17)
FN:351,(anonymous_18)
FN:353,(anonymous_19)
FN:376,(anonymous_20)
FN:378,(anonymous_21)
FN:388,(anonymous_22)
FN:390,(anonymous_23)
FN:402,(anonymous_24)
FN:422,(anonymous_25)
FN:439,(anonymous_26)
FN:451,(anonymous_27)
FN:452,(anonymous_28)
FN:455,(anonymous_29)
FN:472,(anonymous_30)
FN:487,(anonymous_31)
FN:506,(anonymous_32)
FN:526,(anonymous_33)
FN:532,(anonymous_34)
FN:547,(anonymous_35)
FN:566,(anonymous_36)
FN:611,(anonymous_37)
FN:619,(anonymous_38)
FN:674,(anonymous_39)
FN:707,(anonymous_40)
FN:720,(anonymous_41)
FN:743,(anonymous_42)
FN:756,(anonymous_43)
FN:773,(anonymous_44)
FN:790,(anonymous_45)
FN:805,(anonymous_46)
FN:829,(anonymous_47)
FN:882,(anonymous_48)
FN:886,(anonymous_49)
FN:890,(anonymous_50)
FN:894,(anonymous_51)
FN:914,(anonymous_52)
FN:916,(anonymous_53)
FN:921,(anonymous_54)
FNF:55
FNH:0
FNDA:0,checkAuth
FNDA:0,isAdmin
FNDA:0,isManager
FNDA:0,(anonymous_3)
FNDA:0,(anonymous_4)
FNDA:0,(anonymous_5)
FNDA:0,(anonymous_6)
FNDA:0,(anonymous_7)
FNDA:0,(anonymous_8)
FNDA:0,(anonymous_9)
FNDA:0,(anonymous_10)
FNDA:0,(anonymous_11)
FNDA:0,(anonymous_12)
FNDA:0,(anonymous_13)
FNDA:0,(anonymous_14)
FNDA:0,(anonymous_15)
FNDA:0,(anonymous_16)
FNDA:0,(anonymous_17)
FNDA:0,(anonymous_18)
FNDA:0,(anonymous_19)
FNDA:0,(anonymous_20)
FNDA:0,(anonymous_21)
FNDA:0,(anonymous_22)
FNDA:0,(anonymous_23)
FNDA:0,(anonymous_24)
FNDA:0,(anonymous_25)
FNDA:0,(anonymous_26)
FNDA:0,(anonymous_27)
FNDA:0,(anonymous_28)
FNDA:0,(anonymous_29)
FNDA:0,(anonymous_30)
FNDA:0,(anonymous_31)
FNDA:0,(anonymous_32)
FNDA:0,(anonymous_33)
FNDA:0,(anonymous_34)
FNDA:0,(anonymous_35)
FNDA:0,(anonymous_36)
FNDA:0,(anonymous_37)
FNDA:0,(anonymous_38)
FNDA:0,(anonymous_39)
FNDA:0,(anonymous_40)
FNDA:0,(anonymous_41)
FNDA:0,(anonymous_42)
FNDA:0,(anonymous_43)
FNDA:0,(anonymous_44)
FNDA:0,(anonymous_45)
FNDA:0,(anonymous_46)
FNDA:0,(anonymous_47)
FNDA:0,(anonymous_48)
FNDA:0,(anonymous_49)
FNDA:0,(anonymous_50)
FNDA:0,(anonymous_51)
FNDA:0,(anonymous_52)
FNDA:0,(anonymous_53)
FNDA:0,(anonymous_54)
DA:1,0
DA:2,0
DA:3,0
DA:4,0
DA:5,0
DA:6,0
DA:7,0
DA:8,0
DA:9,0
DA:11,0
DA:12,0
DA:14,0
DA:23,0
DA:24,0
DA:25,0
DA:26,0
DA:28,0
DA:37,0
DA:38,0
DA:42,0
DA:43,0
DA:47,0
DA:48,0
DA:51,0
DA:53,0
DA:54,0
DA:55,0
DA:56,0
DA:58,0
DA:59,0
DA:60,0
DA:62,0
DA:63,0
DA:64,0
DA:67,0
DA:72,0
DA:77,0
DA:78,0
DA:79,0
DA:80,0
DA:82,0
DA:83,0
DA:84,0
DA:86,0
DA:87,0
DA:88,0
DA:90,0
DA:91,0
DA:92,0
DA:95,0
DA:107,0
DA:109,0
DA:110,0
DA:113,0
DA:115,0
DA:116,0
DA:117,0
DA:118,0
DA:121,0
DA:122,0
DA:123,0
DA:125,0
DA:130,0
DA:132,0
DA:138,0
DA:143,0
DA:144,0
DA:149,0
DA:163,0
DA:165,0
DA:166,0
DA:171,0
DA:172,0
DA:173,0
DA:174,0
DA:176,0
DA:177,0
DA:178,0
DA:180,0
DA:181,0
DA:182,0
DA:184,0
DA:185,0
DA:186,0
DA:189,0
DA:198,0
DA:200,0
DA:211,0
DA:213,0
DA:214,0
DA:217,0
DA:218,0
DA:229,0
DA:231,0
DA:232,0
DA:236,0
DA:237,0
DA:238,0
DA:239,0
DA:240,0
DA:242,0
DA:243,0
DA:244,0
DA:246,0
DA:247,0
DA:251,0
DA:253,0
DA:254,0
DA:258,0
DA:260,0
DA:261,0
DA:262,0
DA:265,0
DA:267,0
DA:268,0
DA:271,0
DA:272,0
DA:274,0
DA:276,0
DA:277,0
DA:286,0
DA:287,0
DA:289,0
DA:292,0
DA:293,0
DA:299,0
DA:300,0
DA:302,0
DA:303,0
DA:304,0
DA:306,0
DA:307,0
DA:309,0
DA:311,0
DA:312,0
DA:313,0
DA:314,0
DA:316,0
DA:319,0
DA:320,0
DA:325,0
DA:326,0
DA:327,0
DA:328,0
DA:330,0
DA:333,0
DA:334,0
DA:336,0
DA:337,0
DA:339,0
DA:341,0
DA:342,0
DA:343,0
DA:345,0
DA:350,0
DA:351,0
DA:353,0
DA:354,0
DA:355,0
DA:356,0
DA:357,0
DA:358,0
DA:359,0
DA:360,0
DA:362,0
DA:371,0
DA:372,0
DA:376,0
DA:378,0
DA:379,0
DA:380,0
DA:381,0
DA:383,0
DA:384,0
DA:386,0
DA:388,0
DA:389,0
DA:390,0
DA:391,0
DA:393,0
DA:400,0
DA:402,0
DA:403,0
DA:404,0
DA:405,0
DA:411,0
DA:416,0
DA:418,0
DA:422,0
DA:423,0
DA:425,0
DA:426,0
DA:428,0
DA:429,0
DA:431,0
DA:432,0
DA:433,0
DA:435,0
DA:439,0
DA:440,0
DA:441,0
DA:443,0
DA:444,0
DA:446,0
DA:448,0
DA:451,0
DA:452,0
DA:453,0
DA:455,0
DA:456,0
DA:457,0
DA:458,0
DA:460,0
DA:465,0
DA:467,0
DA:468,0
DA:472,0
DA:473,0
DA:474,0
DA:475,0
DA:479,0
DA:481,0
DA:482,0
DA:487,0
DA:488,0
DA:489,0
DA:490,0
DA:493,0
DA:494,0
DA:498,0
DA:500,0
DA:501,0
DA:506,0
DA:507,0
DA:510,0
DA:515,0
DA:516,0
DA:519,0
DA:524,0
DA:526,0
DA:527,0
DA:528,0
DA:532,0
DA:533,0
DA:536,0
DA:537,0
DA:538,0
DA:541,0
DA:542,0
DA:547,0
DA:548,0
DA:550,0
DA:556,0
DA:557,0
DA:560,0
DA:562,0
DA:566,0
DA:576,0
DA:579,0
DA:586,0
DA:587,0
DA:590,0
DA:607,0
DA:611,0
DA:612,0
DA:616,0
DA:619,0
DA:630,0
DA:633,0
DA:636,0
DA:641,0
DA:643,0
DA:646,0
DA:667,0
DA:669,0
DA:674,0
DA:675,0
DA:677,0
DA:680,0
DA:681,0
DA:683,0
DA:684,0
DA:685,0
DA:686,0
DA:687,0
DA:690,0
DA:696,0
DA:705,0
DA:707,0
DA:708,0
DA:709,0
DA:713,0
DA:715,0
DA:716,0
DA:720,0
DA:721,0
DA:722,0
DA:724,0
DA:725,0
DA:728,0
DA:733,0
DA:740,0
DA:743,0
DA:744,0
DA:745,0
DA:747,0
DA:748,0
DA:751,0
DA:753,0
DA:756,0
DA:757,0
DA:758,0
DA:759,0
DA:761,0
DA:762,0
DA:766,0
DA:768,0
DA:773,0
DA:774,0
DA:775,0
DA:776,0
DA:778,0
DA:779,0
DA:783,0
DA:785,0
DA:790,0
DA:791,0
DA:792,0
DA:793,0
DA:795,0
DA:796,0
DA:800,0
DA:802,0
DA:805,0
DA:806,0
DA:807,0
DA:821,0
DA:823,0
DA:824,0
DA:829,0
DA:830,0
DA:831,0
DA:832,0
DA:835,0
DA:837,0
DA:844,0
DA:846,0
DA:849,0
DA:850,0
DA:854,0
DA:859,0
DA:861,0
DA:868,0
DA:875,0
DA:877,0
DA:878,0
DA:882,0
DA:883,0
DA:884,0
DA:886,0
DA:887,0
DA:888,0
DA:890,0
DA:891,0
DA:892,0
DA:894,0
DA:895,0
DA:896,0
DA:905,0
DA:907,0
DA:908,0
DA:911,0
DA:914,0
DA:916,0
DA:917,0
DA:918,0
DA:921,0
LF:377
LH:0
BRDA:37,0,0,0
BRDA:37,0,1,0
BRDA:37,1,0,0
BRDA:37,1,1,0
BRDA:42,2,0,0
BRDA:42,2,1,0
BRDA:47,3,0,0
BRDA:47,3,1,0
BRDA:58,4,0,0
BRDA:58,4,1,0
BRDA:62,5,0,0
BRDA:62,5,1,0
BRDA:82,6,0,0
BRDA:82,6,1,0
BRDA:86,7,0,0
BRDA:86,7,1,0
BRDA:90,8,0,0
BRDA:90,8,1,0
BRDA:117,9,0,0
BRDA:117,9,1,0
BRDA:123,10,0,0
BRDA:123,10,1,0
BRDA:130,11,0,0
BRDA:130,11,1,0
BRDA:143,12,0,0
BRDA:143,12,1,0
BRDA:176,13,0,0
BRDA:176,13,1,0
BRDA:180,14,0,0
BRDA:180,14,1,0
BRDA:184,15,0,0
BRDA:184,15,1,0
BRDA:213,16,0,0
BRDA:213,16,1,0
BRDA:213,17,0,0
BRDA:213,17,1,0
BRDA:213,17,2,0
BRDA:213,17,3,0
BRDA:237,18,0,0
BRDA:237,18,1,0
BRDA:239,19,0,0
BRDA:239,19,1,0
BRDA:239,20,0,0
BRDA:239,20,1,0
BRDA:274,21,0,0
BRDA:274,21,1,0
BRDA:274,22,0,0
BRDA:274,22,1,0
BRDA:286,23,0,0
BRDA:286,23,1,0
BRDA:303,24,0,0
BRDA:303,24,1,0
BRDA:306,25,0,0
BRDA:306,25,1,0
BRDA:306,26,0,0
BRDA:306,26,1,0
BRDA:306,26,2,0
BRDA:311,27,0,0
BRDA:311,27,1,0
BRDA:313,28,0,0
BRDA:313,28,1,0
BRDA:313,29,0,0
BRDA:313,29,1,0
BRDA:313,29,2,0
BRDA:325,30,0,0
BRDA:325,30,1,0
BRDA:327,31,0,0
BRDA:327,31,1,0
BRDA:327,32,0,0
BRDA:327,32,1,0
BRDA:327,32,2,0
BRDA:336,33,0,0
BRDA:336,33,1,0
BRDA:336,34,0,0
BRDA:336,34,1,0
BRDA:336,34,2,0
BRDA:342,35,0,0
BRDA:342,35,1,0
BRDA:342,36,0,0
BRDA:342,36,1,0
BRDA:342,36,2,0
BRDA:367,37,0,0
BRDA:367,37,1,0
BRDA:368,38,0,0
BRDA:368,38,1,0
BRDA:380,39,0,0
BRDA:380,39,1,0
BRDA:380,40,0,0
BRDA:380,40,1,0
BRDA:380,40,2,0
BRDA:380,40,3,0
BRDA:380,40,4,0
BRDA:383,41,0,0
BRDA:383,41,1,0
BRDA:391,42,0,0
BRDA:391,42,1,0
BRDA:404,43,0,0
BRDA:404,43,1,0
BRDA:425,44,0,0
BRDA:425,44,1,0
BRDA:425,45,0,0
BRDA:425,45,1,0
BRDA:428,46,0,0
BRDA:428,46,1,0
BRDA:441,47,0,0
BRDA:441,47,1,0
BRDA:453,48,0,0
BRDA:453,48,1,0
BRDA:457,49,0,0
BRDA:457,49,1,0
BRDA:457,50,0,0
BRDA:457,50,1,0
BRDA:489,51,0,0
BRDA:489,51,1,0
BRDA:489,52,0,0
BRDA:489,52,1,0
BRDA:515,53,0,0
BRDA:515,53,1,0
BRDA:537,54,0,0
BRDA:537,54,1,0
BRDA:556,55,0,0
BRDA:556,55,1,0
BRDA:556,56,0,0
BRDA:556,56,1,0
BRDA:586,57,0,0
BRDA:586,57,1,0
BRDA:586,58,0,0
BRDA:586,58,1,0
BRDA:616,59,0,0
BRDA:616,59,1,0
BRDA:633,60,0,0
BRDA:633,60,1,0
BRDA:641,61,0,0
BRDA:641,61,1,0
BRDA:680,62,0,0
BRDA:680,62,1,0
BRDA:684,63,0,0
BRDA:684,63,1,0
BRDA:686,64,0,0
BRDA:686,64,1,0
BRDA:724,65,0,0
BRDA:724,65,1,0
BRDA:724,66,0,0
BRDA:724,66,1,0
BRDA:747,67,0,0
BRDA:747,67,1,0
BRDA:747,68,0,0
BRDA:747,68,1,0
BRDA:758,69,0,0
BRDA:758,69,1,0
BRDA:775,70,0,0
BRDA:775,70,1,0
BRDA:792,71,0,0
BRDA:792,71,1,0
BRDA:831,72,0,0
BRDA:831,72,1,0
BRDA:844,73,0,0
BRDA:844,73,1,0
BRDA:849,74,0,0
BRDA:849,74,1,0
BRDA:849,75,0,0
BRDA:849,75,1,0
BRDA:859,76,0,0
BRDA:859,76,1,0
BRF:164
BRH:0
end_of_record
